# JRE version: Java(TM) SE Runtime Environment (18.0.1.1+2) (build 18.0.1.1+2-6)
# Java VM: Java HotSpot(TM) 64-Bit Server VM (18.0.1.1+2-6, mixed mode, sharing, tiered, compressed oops, compressed class ptrs, g1 gc, windows-amd64)
GC Precious Log:
 CardTable entry size: 512
 Card Set container configuration: InlinePtr #cards 5 size 8 Array Of Cards #cards 12 size 40 Howl #buckets 4 coarsen threshold 1843 Howl Bitmap #cards 512 size 80 coarsen threshold 460 Card regions per heap region 1 cards per card region 2048
 CPUs: 4 total, 4 available
 Memory: 8129M
 Large Page Support: Disabled
 NUMA Support: Disabled
 Compressed Oops: Enabled (32-bit)
 Heap Region Size: 1M
 Heap Min Capacity: 8M
 Heap Initial Capacity: 128M
 Heap Max Capacity: 2034M
 Pre-touch: Disabled
 Parallel Workers: 4
 Concurrent Workers: 1
 Concurrent Refinement Workers: 4
 Periodic GC: Disabled
Heap:
 garbage-first heap   total 88064K, used 68765K [0x0000000080e00000, 0x0000000100000000)
  region size 1024K, 52 young (53248K), 4 survivors (4096K)
 Metaspace       used 50340K, committed 50752K, reserved 1114112K
  class space    used 6458K, committed 6656K, reserved 1048576K
GC Heap History (20 events):
Event: 6.329 GC heap after
{Heap after GC invocations=10 (full 0):
 garbage-first heap   total 40960K, used 14472K [0x0000000080e00000, 0x0000000100000000)
  region size 1024K, 3 young (3072K), 3 survivors (3072K)
 Metaspace       used 26514K, committed 26880K, reserved 1114112K
  class space    used 3184K, committed 3328K, reserved 1048576K
}
Event: 6.658 GC heap before
{Heap before GC invocations=10 (full 0):
 garbage-first heap   total 40960K, used 29832K [0x0000000080e00000, 0x0000000100000000)
  region size 1024K, 19 young (19456K), 3 survivors (3072K)
 Metaspace       used 28072K, committed 28416K, reserved 1114112K
  class space    used 3338K, committed 3520K, reserved 1048576K
}
Event: 6.665 GC heap after
{Heap after GC invocations=11 (full 0):
 garbage-first heap   total 40960K, used 15515K [0x0000000080e00000, 0x0000000100000000)
  region size 1024K, 3 young (3072K), 3 survivors (3072K)
 Metaspace       used 28072K, committed 28416K, reserved 1114112K
  class space    used 3338K, committed 3520K, reserved 1048576K
}
Event: 6.974 GC heap before
{Heap before GC invocations=11 (full 0):
 garbage-first heap   total 40960K, used 29851K [0x0000000080e00000, 0x0000000100000000)
  region size 1024K, 18 young (18432K), 3 survivors (3072K)
 Metaspace       used 29550K, committed 29888K, reserved 1114112K
  class space    used 3490K, committed 3648K, reserved 1048576K
}
Event: 6.982 GC heap after
{Heap after GC invocations=12 (full 0):
 garbage-first heap   total 40960K, used 15894K [0x0000000080e00000, 0x0000000100000000)
  region size 1024K, 2 young (2048K), 2 survivors (2048K)
 Metaspace       used 29550K, committed 29888K, reserved 1114112K
  class space    used 3490K, committed 3648K, reserved 1048576K
}
Event: 7.225 GC heap before
{Heap before GC invocations=12 (full 0):
 garbage-first heap   total 40960K, used 30230K [0x0000000080e00000, 0x0000000100000000)
  region size 1024K, 17 young (17408K), 2 survivors (2048K)
 Metaspace       used 31314K, committed 31616K, reserved 1114112K
  class space    used 3661K, committed 3776K, reserved 1048576K
}
Event: 7.228 GC heap after
{Heap after GC invocations=13 (full 0):
 garbage-first heap   total 55296K, used 16909K [0x0000000080e00000, 0x0000000100000000)
  region size 1024K, 3 young (3072K), 3 survivors (3072K)
 Metaspace       used 31314K, committed 31616K, reserved 1114112K
  class space    used 3661K, committed 3776K, reserved 1048576K
}
Event: 7.649 GC heap before
{Heap before GC invocations=13 (full 0):
 garbage-first heap   total 55296K, used 42509K [0x0000000080e00000, 0x0000000100000000)
  region size 1024K, 28 young (28672K), 3 survivors (3072K)
 Metaspace       used 33837K, committed 34176K, reserved 1114112K
  class space    used 3985K, committed 4160K, reserved 1048576K
}
Event: 7.654 GC heap after
{Heap after GC invocations=14 (full 0):
 garbage-first heap   total 55296K, used 17590K [0x0000000080e00000, 0x0000000100000000)
  region size 1024K, 3 young (3072K), 3 survivors (3072K)
 Metaspace       used 33837K, committed 34176K, reserved 1114112K
  class space    used 3985K, committed 4160K, reserved 1048576K
}
Event: 7.993 GC heap before
{Heap before GC invocations=14 (full 0):
 garbage-first heap   total 55296K, used 36022K [0x0000000080e00000, 0x0000000100000000)
  region size 1024K, 22 young (22528K), 3 survivors (3072K)
 Metaspace       used 35687K, committed 35968K, reserved 1114112K
  class space    used 4227K, committed 4352K, reserved 1048576K
}
Event: 7.997 GC heap after
{Heap after GC invocations=15 (full 0):
 garbage-first heap   total 55296K, used 17607K [0x0000000080e00000, 0x0000000100000000)
  region size 1024K, 3 young (3072K), 3 survivors (3072K)
 Metaspace       used 35687K, committed 35968K, reserved 1114112K
  class space    used 4227K, committed 4352K, reserved 1048576K
}
Event: 8.451 GC heap before
{Heap before GC invocations=16 (full 0):
 garbage-first heap   total 55296K, used 42183K [0x0000000080e00000, 0x0000000100000000)
  region size 1024K, 28 young (28672K), 3 survivors (3072K)
 Metaspace       used 38053K, committed 38464K, reserved 1114112K
  class space    used 4649K, committed 4800K, reserved 1048576K
}
Event: 8.467 GC heap after
{Heap after GC invocations=17 (full 0):
 garbage-first heap   total 55296K, used 18164K [0x0000000080e00000, 0x0000000100000000)
  region size 1024K, 3 young (3072K), 3 survivors (3072K)
 Metaspace       used 38053K, committed 38464K, reserved 1114112K
  class space    used 4649K, committed 4800K, reserved 1048576K
}
Event: 8.489 GC heap before
{Heap before GC invocations=17 (full 0):
 garbage-first heap   total 55296K, used 19188K [0x0000000080e00000, 0x0000000100000000)
  region size 1024K, 4 young (4096K), 3 survivors (3072K)
 Metaspace       used 38197K, committed 38592K, reserved 1114112K
  class space    used 4687K, committed 4864K, reserved 1048576K
}
Event: 8.493 GC heap after
{Heap after GC invocations=18 (full 0):
 garbage-first heap   total 55296K, used 17995K [0x0000000080e00000, 0x0000000100000000)
  region size 1024K, 1 young (1024K), 1 survivors (1024K)
 Metaspace       used 38197K, committed 38592K, reserved 1114112K
  class space    used 4687K, committed 4864K, reserved 1048576K
}
Event: 8.834 GC heap before
{Heap before GC invocations=18 (full 0):
 garbage-first heap   total 55296K, used 43595K [0x0000000080e00000, 0x0000000100000000)
  region size 1024K, 27 young (27648K), 1 survivors (1024K)
 Metaspace       used 40825K, committed 41152K, reserved 1114112K
  class space    used 5095K, committed 5248K, reserved 1048576K
}
Event: 8.837 GC heap after
{Heap after GC invocations=19 (full 0):
 garbage-first heap   total 88064K, used 18464K [0x0000000080e00000, 0x0000000100000000)
  region size 1024K, 1 young (1024K), 1 survivors (1024K)
 Metaspace       used 40825K, committed 41152K, reserved 1114112K
  class space    used 5095K, committed 5248K, reserved 1048576K
}
Event: 9.644 GC heap before
{Heap before GC invocations=19 (full 0):
 garbage-first heap   total 88064K, used 69664K [0x0000000080e00000, 0x0000000100000000)
  region size 1024K, 51 young (52224K), 1 survivors (1024K)
 Metaspace       used 46030K, committed 46464K, reserved 1114112K
  class space    used 5896K, committed 6080K, reserved 1048576K
}
Event: 9.647 GC heap after
{Heap after GC invocations=20 (full 0):
 garbage-first heap   total 88064K, used 19613K [0x0000000080e00000, 0x0000000100000000)
  region size 1024K, 3 young (3072K), 3 survivors (3072K)
 Metaspace       used 46030K, committed 46464K, reserved 1114112K
  class space    used 5896K, committed 6080K, reserved 1048576K
}
Event: 1780.200 GC heap before
{Heap before GC invocations=20 (full 0):
 garbage-first heap   total 88064K, used 68765K [0x0000000080e00000, 0x0000000100000000)
  region size 1024K, 51 young (52224K), 3 survivors (3072K)
 Metaspace       used 50340K, committed 50752K, reserved 1114112K
  class space    used 6458K, committed 6656K, reserved 1048576K
}

